2022-02-25 20:52:39,648 ERROR Internal Server Error: /news/index/ C:\PycharmProjects\D11-module-v1\venv\lib\site-packages\django\utils\log.py (<class 'django.template.exceptions.TemplateDoesNotExist'>, TemplateDoesNotExist('index.html'), <traceback object at 0x000002AF0287D680>)
Traceback (most recent call last):
  File "C:\PycharmProjects\D11-module-v1\venv\lib\site-packages\django\core\handlers\exception.py", line 47, in inner
    response = get_response(request)
  File "C:\PycharmProjects\D11-module-v1\venv\lib\site-packages\django\core\handlers\base.py", line 181, in _get_response
    response = wrapped_callback(request, *callback_args, **callback_kwargs)
  File "C:\PycharmProjects\D11-module-v1\venv\lib\site-packages\django\views\generic\base.py", line 69, in view
    return self.dispatch(request, *args, **kwargs)
  File "C:\PycharmProjects\D11-module-v1\venv\lib\site-packages\django\views\generic\base.py", line 101, in dispatch
    return handler(request, *args, **kwargs)
  File "C:\PycharmProjects\D11-module-v1\news_app\newapp\views.py", line 24, in get
    return HttpResponse(render(request, 'index.html', context))
  File "C:\PycharmProjects\D11-module-v1\venv\lib\site-packages\django\shortcuts.py", line 19, in render
    content = loader.render_to_string(template_name, context, request, using=using)
  File "C:\PycharmProjects\D11-module-v1\venv\lib\site-packages\django\template\loader.py", line 61, in render_to_string
    template = get_template(template_name, using=using)
  File "C:\PycharmProjects\D11-module-v1\venv\lib\site-packages\django\template\loader.py", line 19, in get_template
    raise TemplateDoesNotExist(template_name, chain=chain)
django.template.exceptions.TemplateDoesNotExist: index.html
2022-02-25 20:52:39,654 ERROR "GET /news/index/ HTTP/1.1" 500 95278 C:\PycharmProjects\D11-module-v1\venv\lib\site-packages\django\core\servers\basehttp.py None
2022-02-25 20:53:21,816 ERROR Internal Server Error: /news/index/ C:\PycharmProjects\D11-module-v1\venv\lib\site-packages\django\utils\log.py (<class 'django.template.exceptions.TemplateDoesNotExist'>, TemplateDoesNotExist('index.html'), <traceback object at 0x000002AF02AD3400>)
Traceback (most recent call last):
  File "C:\PycharmProjects\D11-module-v1\venv\lib\site-packages\django\core\handlers\exception.py", line 47, in inner
    response = get_response(request)
  File "C:\PycharmProjects\D11-module-v1\venv\lib\site-packages\django\core\handlers\base.py", line 181, in _get_response
    response = wrapped_callback(request, *callback_args, **callback_kwargs)
  File "C:\PycharmProjects\D11-module-v1\venv\lib\site-packages\django\views\generic\base.py", line 69, in view
    return self.dispatch(request, *args, **kwargs)
  File "C:\PycharmProjects\D11-module-v1\venv\lib\site-packages\django\views\generic\base.py", line 101, in dispatch
    return handler(request, *args, **kwargs)
  File "C:\PycharmProjects\D11-module-v1\news_app\newapp\views.py", line 24, in get
    return HttpResponse(render(request, 'index.html', context))
  File "C:\PycharmProjects\D11-module-v1\venv\lib\site-packages\django\shortcuts.py", line 19, in render
    content = loader.render_to_string(template_name, context, request, using=using)
  File "C:\PycharmProjects\D11-module-v1\venv\lib\site-packages\django\template\loader.py", line 61, in render_to_string
    template = get_template(template_name, using=using)
  File "C:\PycharmProjects\D11-module-v1\venv\lib\site-packages\django\template\loader.py", line 19, in get_template
    raise TemplateDoesNotExist(template_name, chain=chain)
django.template.exceptions.TemplateDoesNotExist: index.html
2022-02-25 20:53:21,821 ERROR "GET /news/index/ HTTP/1.1" 500 95415 C:\PycharmProjects\D11-module-v1\venv\lib\site-packages\django\core\servers\basehttp.py None
2022-02-25 20:54:42,300 ERROR Internal Server Error: /news/index/ C:\PycharmProjects\D11-module-v1\venv\lib\site-packages\django\utils\log.py (<class 'django.template.exceptions.TemplateDoesNotExist'>, TemplateDoesNotExist('index.html'), <traceback object at 0x000002AF02C098C0>)
Traceback (most recent call last):
  File "C:\PycharmProjects\D11-module-v1\venv\lib\site-packages\django\core\handlers\exception.py", line 47, in inner
    response = get_response(request)
  File "C:\PycharmProjects\D11-module-v1\venv\lib\site-packages\django\core\handlers\base.py", line 181, in _get_response
    response = wrapped_callback(request, *callback_args, **callback_kwargs)
  File "C:\PycharmProjects\D11-module-v1\venv\lib\site-packages\django\views\generic\base.py", line 69, in view
    return self.dispatch(request, *args, **kwargs)
  File "C:\PycharmProjects\D11-module-v1\venv\lib\site-packages\django\views\generic\base.py", line 101, in dispatch
    return handler(request, *args, **kwargs)
  File "C:\PycharmProjects\D11-module-v1\news_app\newapp\views.py", line 24, in get
    return HttpResponse(render(request, 'index.html', context))
  File "C:\PycharmProjects\D11-module-v1\venv\lib\site-packages\django\shortcuts.py", line 19, in render
    content = loader.render_to_string(template_name, context, request, using=using)
  File "C:\PycharmProjects\D11-module-v1\venv\lib\site-packages\django\template\loader.py", line 61, in render_to_string
    template = get_template(template_name, using=using)
  File "C:\PycharmProjects\D11-module-v1\venv\lib\site-packages\django\template\loader.py", line 19, in get_template
    raise TemplateDoesNotExist(template_name, chain=chain)
django.template.exceptions.TemplateDoesNotExist: index.html
2022-02-25 20:54:42,304 ERROR "GET /news/index/ HTTP/1.1" 500 94821 C:\PycharmProjects\D11-module-v1\venv\lib\site-packages\django\core\servers\basehttp.py None
2022-02-25 21:03:54,276 ERROR Internal Server Error: /news/ C:\PycharmProjects\D11-module-v1\venv\lib\site-packages\django\utils\log.py (<class 'django.template.exceptions.TemplateSyntaxError'>, TemplateSyntaxError("Invalid block tag on line 65: 'get_available_languages', expected 'endcache'. Did you forget to register or load this tag?"), <traceback object at 0x0000022C903ADDC0>)
Traceback (most recent call last):
  File "C:\PycharmProjects\D11-module-v1\venv\lib\site-packages\django\template\base.py", line 500, in parse
    compile_func = self.tags[command]
KeyError: 'get_available_languages'

During handling of the above exception, another exception occurred:

Traceback (most recent call last):
  File "C:\PycharmProjects\D11-module-v1\venv\lib\site-packages\django\core\handlers\exception.py", line 47, in inner
    response = get_response(request)
  File "C:\PycharmProjects\D11-module-v1\venv\lib\site-packages\django\core\handlers\base.py", line 204, in _get_response
    response = response.render()
  File "C:\PycharmProjects\D11-module-v1\venv\lib\site-packages\django\template\response.py", line 105, in render
    self.content = self.rendered_content
  File "C:\PycharmProjects\D11-module-v1\venv\lib\site-packages\django\template\response.py", line 83, in rendered_content
    return template.render(context, self._request)
  File "C:\PycharmProjects\D11-module-v1\venv\lib\site-packages\django\template\backends\django.py", line 61, in render
    return self.template.render(context)
  File "C:\PycharmProjects\D11-module-v1\venv\lib\site-packages\django\template\base.py", line 176, in render
    return self._render(context)
  File "C:\PycharmProjects\D11-module-v1\venv\lib\site-packages\django\template\base.py", line 168, in _render
    return self.nodelist.render(context)
  File "C:\PycharmProjects\D11-module-v1\venv\lib\site-packages\django\template\base.py", line 977, in render
    return SafeString(''.join([
  File "C:\PycharmProjects\D11-module-v1\venv\lib\site-packages\django\template\base.py", line 978, in <listcomp>
    node.render_annotated(context) for node in self
  File "C:\PycharmProjects\D11-module-v1\venv\lib\site-packages\django\template\base.py", line 938, in render_annotated
    return self.render(context)
  File "C:\PycharmProjects\D11-module-v1\venv\lib\site-packages\django\template\loader_tags.py", line 130, in render
    compiled_parent = self.get_parent(context)
  File "C:\PycharmProjects\D11-module-v1\venv\lib\site-packages\django\template\loader_tags.py", line 127, in get_parent
    return self.find_template(parent, context)
  File "C:\PycharmProjects\D11-module-v1\venv\lib\site-packages\django\template\loader_tags.py", line 106, in find_template
    template, origin = context.template.engine.find_template(
  File "C:\PycharmProjects\D11-module-v1\venv\lib\site-packages\django\template\engine.py", line 145, in find_template
    template = loader.get_template(name, skip=skip)
  File "C:\PycharmProjects\D11-module-v1\venv\lib\site-packages\django\template\loaders\base.py", line 29, in get_template
    return Template(
  File "C:\PycharmProjects\D11-module-v1\venv\lib\site-packages\django\template\base.py", line 155, in __init__
    self.nodelist = self.compile_nodelist()
  File "C:\PycharmProjects\D11-module-v1\venv\lib\site-packages\django\template\base.py", line 199, in compile_nodelist
    return parser.parse()
  File "C:\PycharmProjects\D11-module-v1\venv\lib\site-packages\django\template\base.py", line 508, in parse
    raise self.error(token, e)
  File "C:\PycharmProjects\D11-module-v1\venv\lib\site-packages\django\template\base.py", line 506, in parse
    compiled_result = compile_func(self, token)
  File "C:\PycharmProjects\D11-module-v1\venv\lib\site-packages\django\templatetags\cache.py", line 78, in do_cache
    nodelist = parser.parse(('endcache',))
  File "C:\PycharmProjects\D11-module-v1\venv\lib\site-packages\django\template\base.py", line 502, in parse
    self.invalid_block_tag(token, command, parse_until)
  File "C:\PycharmProjects\D11-module-v1\venv\lib\site-packages\django\template\base.py", line 552, in invalid_block_tag
    raise self.error(
django.template.exceptions.TemplateSyntaxError: Invalid block tag on line 65: 'get_available_languages', expected 'endcache'. Did you forget to register or load this tag?
2022-02-25 21:03:54,282 ERROR "GET /news/ HTTP/1.1" 500 205867 C:\PycharmProjects\D11-module-v1\venv\lib\site-packages\django\core\servers\basehttp.py None
2022-02-25 21:04:09,161 ERROR Internal Server Error: /news/search/ C:\PycharmProjects\D11-module-v1\venv\lib\site-packages\django\utils\log.py (<class 'django.template.exceptions.TemplateSyntaxError'>, TemplateSyntaxError("Could not parse the remainder: '==' from 'language.code=='"), <traceback object at 0x0000022C9022A200>)
Traceback (most recent call last):
  File "C:\PycharmProjects\D11-module-v1\venv\lib\site-packages\django\template\smartif.py", line 175, in translate_token
    op = OPERATORS[token]
KeyError: 'language.code=='

During handling of the above exception, another exception occurred:

Traceback (most recent call last):
  File "C:\PycharmProjects\D11-module-v1\venv\lib\site-packages\django\core\handlers\exception.py", line 47, in inner
    response = get_response(request)
  File "C:\PycharmProjects\D11-module-v1\venv\lib\site-packages\django\core\handlers\base.py", line 204, in _get_response
    response = response.render()
  File "C:\PycharmProjects\D11-module-v1\venv\lib\site-packages\django\template\response.py", line 105, in render
    self.content = self.rendered_content
  File "C:\PycharmProjects\D11-module-v1\venv\lib\site-packages\django\template\response.py", line 83, in rendered_content
    return template.render(context, self._request)
  File "C:\PycharmProjects\D11-module-v1\venv\lib\site-packages\django\template\backends\django.py", line 61, in render
    return self.template.render(context)
  File "C:\PycharmProjects\D11-module-v1\venv\lib\site-packages\django\template\base.py", line 176, in render
    return self._render(context)
  File "C:\PycharmProjects\D11-module-v1\venv\lib\site-packages\django\template\base.py", line 168, in _render
    return self.nodelist.render(context)
  File "C:\PycharmProjects\D11-module-v1\venv\lib\site-packages\django\template\base.py", line 977, in render
    return SafeString(''.join([
  File "C:\PycharmProjects\D11-module-v1\venv\lib\site-packages\django\template\base.py", line 978, in <listcomp>
    node.render_annotated(context) for node in self
  File "C:\PycharmProjects\D11-module-v1\venv\lib\site-packages\django\template\base.py", line 938, in render_annotated
    return self.render(context)
  File "C:\PycharmProjects\D11-module-v1\venv\lib\site-packages\django\template\loader_tags.py", line 130, in render
    compiled_parent = self.get_parent(context)
  File "C:\PycharmProjects\D11-module-v1\venv\lib\site-packages\django\template\loader_tags.py", line 127, in get_parent
    return self.find_template(parent, context)
  File "C:\PycharmProjects\D11-module-v1\venv\lib\site-packages\django\template\loader_tags.py", line 106, in find_template
    template, origin = context.template.engine.find_template(
  File "C:\PycharmProjects\D11-module-v1\venv\lib\site-packages\django\template\engine.py", line 145, in find_template
    template = loader.get_template(name, skip=skip)
  File "C:\PycharmProjects\D11-module-v1\venv\lib\site-packages\django\template\loaders\base.py", line 29, in get_template
    return Template(
  File "C:\PycharmProjects\D11-module-v1\venv\lib\site-packages\django\template\base.py", line 155, in __init__
    self.nodelist = self.compile_nodelist()
  File "C:\PycharmProjects\D11-module-v1\venv\lib\site-packages\django\template\base.py", line 199, in compile_nodelist
    return parser.parse()
  File "C:\PycharmProjects\D11-module-v1\venv\lib\site-packages\django\template\base.py", line 508, in parse
    raise self.error(token, e)
  File "C:\PycharmProjects\D11-module-v1\venv\lib\site-packages\django\template\base.py", line 506, in parse
    compiled_result = compile_func(self, token)
  File "C:\PycharmProjects\D11-module-v1\venv\lib\site-packages\django\templatetags\cache.py", line 78, in do_cache
    nodelist = parser.parse(('endcache',))
  File "C:\PycharmProjects\D11-module-v1\venv\lib\site-packages\django\template\base.py", line 508, in parse
    raise self.error(token, e)
  File "C:\PycharmProjects\D11-module-v1\venv\lib\site-packages\django\template\base.py", line 506, in parse
    compiled_result = compile_func(self, token)
  File "C:\PycharmProjects\D11-module-v1\venv\lib\site-packages\django\template\defaulttags.py", line 810, in do_for
    nodelist_loop = parser.parse(('empty', 'endfor',))
  File "C:\PycharmProjects\D11-module-v1\venv\lib\site-packages\django\template\base.py", line 508, in parse
    raise self.error(token, e)
  File "C:\PycharmProjects\D11-module-v1\venv\lib\site-packages\django\template\base.py", line 506, in parse
    compiled_result = compile_func(self, token)
  File "C:\PycharmProjects\D11-module-v1\venv\lib\site-packages\django\template\defaulttags.py", line 904, in do_if
    condition = TemplateIfParser(parser, bits).parse()
  File "C:\PycharmProjects\D11-module-v1\venv\lib\site-packages\django\template\defaulttags.py", line 837, in __init__
    super().__init__(*args, **kwargs)
  File "C:\PycharmProjects\D11-module-v1\venv\lib\site-packages\django\template\smartif.py", line 166, in __init__
    mapped_tokens.append(self.translate_token(token))
  File "C:\PycharmProjects\D11-module-v1\venv\lib\site-packages\django\template\smartif.py", line 177, in translate_token
    return self.create_var(token)
  File "C:\PycharmProjects\D11-module-v1\venv\lib\site-packages\django\template\defaulttags.py", line 840, in create_var
    return TemplateLiteral(self.template_parser.compile_filter(value), value)
  File "C:\PycharmProjects\D11-module-v1\venv\lib\site-packages\django\template\base.py", line 593, in compile_filter
    return FilterExpression(token, self)
  File "C:\PycharmProjects\D11-module-v1\venv\lib\site-packages\django\template\base.py", line 692, in __init__
    raise TemplateSyntaxError("Could not parse the remainder: '%s' "
django.template.exceptions.TemplateSyntaxError: Could not parse the remainder: '==' from 'language.code=='
2022-02-25 21:04:09,169 ERROR "GET /news/search/ HTTP/1.1" 500 252611 C:\PycharmProjects\D11-module-v1\venv\lib\site-packages\django\core\servers\basehttp.py None
2022-02-25 21:04:10,637 ERROR Internal Server Error: /news/add/ C:\PycharmProjects\D11-module-v1\venv\lib\site-packages\django\utils\log.py (<class 'django.template.exceptions.TemplateSyntaxError'>, TemplateSyntaxError("Could not parse the remainder: '==' from 'language.code=='"), <traceback object at 0x0000022C9028A500>)
Traceback (most recent call last):
  File "C:\PycharmProjects\D11-module-v1\venv\lib\site-packages\django\template\smartif.py", line 175, in translate_token
    op = OPERATORS[token]
KeyError: 'language.code=='

During handling of the above exception, another exception occurred:

Traceback (most recent call last):
  File "C:\PycharmProjects\D11-module-v1\venv\lib\site-packages\django\core\handlers\exception.py", line 47, in inner
    response = get_response(request)
  File "C:\PycharmProjects\D11-module-v1\venv\lib\site-packages\django\core\handlers\base.py", line 204, in _get_response
    response = response.render()
  File "C:\PycharmProjects\D11-module-v1\venv\lib\site-packages\django\template\response.py", line 105, in render
    self.content = self.rendered_content
  File "C:\PycharmProjects\D11-module-v1\venv\lib\site-packages\django\template\response.py", line 83, in rendered_content
    return template.render(context, self._request)
  File "C:\PycharmProjects\D11-module-v1\venv\lib\site-packages\django\template\backends\django.py", line 61, in render
    return self.template.render(context)
  File "C:\PycharmProjects\D11-module-v1\venv\lib\site-packages\django\template\base.py", line 176, in render
    return self._render(context)
  File "C:\PycharmProjects\D11-module-v1\venv\lib\site-packages\django\template\base.py", line 168, in _render
    return self.nodelist.render(context)
  File "C:\PycharmProjects\D11-module-v1\venv\lib\site-packages\django\template\base.py", line 977, in render
    return SafeString(''.join([
  File "C:\PycharmProjects\D11-module-v1\venv\lib\site-packages\django\template\base.py", line 978, in <listcomp>
    node.render_annotated(context) for node in self
  File "C:\PycharmProjects\D11-module-v1\venv\lib\site-packages\django\template\base.py", line 938, in render_annotated
    return self.render(context)
  File "C:\PycharmProjects\D11-module-v1\venv\lib\site-packages\django\template\loader_tags.py", line 130, in render
    compiled_parent = self.get_parent(context)
  File "C:\PycharmProjects\D11-module-v1\venv\lib\site-packages\django\template\loader_tags.py", line 127, in get_parent
    return self.find_template(parent, context)
  File "C:\PycharmProjects\D11-module-v1\venv\lib\site-packages\django\template\loader_tags.py", line 106, in find_template
    template, origin = context.template.engine.find_template(
  File "C:\PycharmProjects\D11-module-v1\venv\lib\site-packages\django\template\engine.py", line 145, in find_template
    template = loader.get_template(name, skip=skip)
  File "C:\PycharmProjects\D11-module-v1\venv\lib\site-packages\django\template\loaders\base.py", line 29, in get_template
    return Template(
  File "C:\PycharmProjects\D11-module-v1\venv\lib\site-packages\django\template\base.py", line 155, in __init__
    self.nodelist = self.compile_nodelist()
  File "C:\PycharmProjects\D11-module-v1\venv\lib\site-packages\django\template\base.py", line 199, in compile_nodelist
    return parser.parse()
  File "C:\PycharmProjects\D11-module-v1\venv\lib\site-packages\django\template\base.py", line 508, in parse
    raise self.error(token, e)
  File "C:\PycharmProjects\D11-module-v1\venv\lib\site-packages\django\template\base.py", line 506, in parse
    compiled_result = compile_func(self, token)
  File "C:\PycharmProjects\D11-module-v1\venv\lib\site-packages\django\templatetags\cache.py", line 78, in do_cache
    nodelist = parser.parse(('endcache',))
  File "C:\PycharmProjects\D11-module-v1\venv\lib\site-packages\django\template\base.py", line 508, in parse
    raise self.error(token, e)
  File "C:\PycharmProjects\D11-module-v1\venv\lib\site-packages\django\template\base.py", line 506, in parse
    compiled_result = compile_func(self, token)
  File "C:\PycharmProjects\D11-module-v1\venv\lib\site-packages\django\template\defaulttags.py", line 810, in do_for
    nodelist_loop = parser.parse(('empty', 'endfor',))
  File "C:\PycharmProjects\D11-module-v1\venv\lib\site-packages\django\template\base.py", line 508, in parse
    raise self.error(token, e)
  File "C:\PycharmProjects\D11-module-v1\venv\lib\site-packages\django\template\base.py", line 506, in parse
    compiled_result = compile_func(self, token)
  File "C:\PycharmProjects\D11-module-v1\venv\lib\site-packages\django\template\defaulttags.py", line 904, in do_if
    condition = TemplateIfParser(parser, bits).parse()
  File "C:\PycharmProjects\D11-module-v1\venv\lib\site-packages\django\template\defaulttags.py", line 837, in __init__
    super().__init__(*args, **kwargs)
  File "C:\PycharmProjects\D11-module-v1\venv\lib\site-packages\django\template\smartif.py", line 166, in __init__
    mapped_tokens.append(self.translate_token(token))
  File "C:\PycharmProjects\D11-module-v1\venv\lib\site-packages\django\template\smartif.py", line 177, in translate_token
    return self.create_var(token)
  File "C:\PycharmProjects\D11-module-v1\venv\lib\site-packages\django\template\defaulttags.py", line 840, in create_var
    return TemplateLiteral(self.template_parser.compile_filter(value), value)
  File "C:\PycharmProjects\D11-module-v1\venv\lib\site-packages\django\template\base.py", line 593, in compile_filter
    return FilterExpression(token, self)
  File "C:\PycharmProjects\D11-module-v1\venv\lib\site-packages\django\template\base.py", line 692, in __init__
    raise TemplateSyntaxError("Could not parse the remainder: '%s' "
django.template.exceptions.TemplateSyntaxError: Could not parse the remainder: '==' from 'language.code=='
2022-02-25 21:04:10,644 ERROR "GET /news/add/ HTTP/1.1" 500 241523 C:\PycharmProjects\D11-module-v1\venv\lib\site-packages\django\core\servers\basehttp.py None
2022-02-25 21:04:19,297 ERROR Internal Server Error: /news/153/ C:\PycharmProjects\D11-module-v1\venv\lib\site-packages\django\utils\log.py (<class 'django.template.exceptions.TemplateSyntaxError'>, TemplateSyntaxError("Could not parse the remainder: '==' from 'language.code=='"), <traceback object at 0x0000022C90254880>)
Traceback (most recent call last):
  File "C:\PycharmProjects\D11-module-v1\venv\lib\site-packages\django\template\smartif.py", line 175, in translate_token
    op = OPERATORS[token]
KeyError: 'language.code=='

During handling of the above exception, another exception occurred:

Traceback (most recent call last):
  File "C:\PycharmProjects\D11-module-v1\venv\lib\site-packages\django\core\handlers\exception.py", line 47, in inner
    response = get_response(request)
  File "C:\PycharmProjects\D11-module-v1\venv\lib\site-packages\django\core\handlers\base.py", line 204, in _get_response
    response = response.render()
  File "C:\PycharmProjects\D11-module-v1\venv\lib\site-packages\django\template\response.py", line 105, in render
    self.content = self.rendered_content
  File "C:\PycharmProjects\D11-module-v1\venv\lib\site-packages\django\template\response.py", line 83, in rendered_content
    return template.render(context, self._request)
  File "C:\PycharmProjects\D11-module-v1\venv\lib\site-packages\django\template\backends\django.py", line 61, in render
    return self.template.render(context)
  File "C:\PycharmProjects\D11-module-v1\venv\lib\site-packages\django\template\base.py", line 176, in render
    return self._render(context)
  File "C:\PycharmProjects\D11-module-v1\venv\lib\site-packages\django\template\base.py", line 168, in _render
    return self.nodelist.render(context)
  File "C:\PycharmProjects\D11-module-v1\venv\lib\site-packages\django\template\base.py", line 977, in render
    return SafeString(''.join([
  File "C:\PycharmProjects\D11-module-v1\venv\lib\site-packages\django\template\base.py", line 978, in <listcomp>
    node.render_annotated(context) for node in self
  File "C:\PycharmProjects\D11-module-v1\venv\lib\site-packages\django\template\base.py", line 938, in render_annotated
    return self.render(context)
  File "C:\PycharmProjects\D11-module-v1\venv\lib\site-packages\django\template\loader_tags.py", line 130, in render
    compiled_parent = self.get_parent(context)
  File "C:\PycharmProjects\D11-module-v1\venv\lib\site-packages\django\template\loader_tags.py", line 127, in get_parent
    return self.find_template(parent, context)
  File "C:\PycharmProjects\D11-module-v1\venv\lib\site-packages\django\template\loader_tags.py", line 106, in find_template
    template, origin = context.template.engine.find_template(
  File "C:\PycharmProjects\D11-module-v1\venv\lib\site-packages\django\template\engine.py", line 145, in find_template
    template = loader.get_template(name, skip=skip)
  File "C:\PycharmProjects\D11-module-v1\venv\lib\site-packages\django\template\loaders\base.py", line 29, in get_template
    return Template(
  File "C:\PycharmProjects\D11-module-v1\venv\lib\site-packages\django\template\base.py", line 155, in __init__
    self.nodelist = self.compile_nodelist()
  File "C:\PycharmProjects\D11-module-v1\venv\lib\site-packages\django\template\base.py", line 199, in compile_nodelist
    return parser.parse()
  File "C:\PycharmProjects\D11-module-v1\venv\lib\site-packages\django\template\base.py", line 508, in parse
    raise self.error(token, e)
  File "C:\PycharmProjects\D11-module-v1\venv\lib\site-packages\django\template\base.py", line 506, in parse
    compiled_result = compile_func(self, token)
  File "C:\PycharmProjects\D11-module-v1\venv\lib\site-packages\django\templatetags\cache.py", line 78, in do_cache
    nodelist = parser.parse(('endcache',))
  File "C:\PycharmProjects\D11-module-v1\venv\lib\site-packages\django\template\base.py", line 508, in parse
    raise self.error(token, e)
  File "C:\PycharmProjects\D11-module-v1\venv\lib\site-packages\django\template\base.py", line 506, in parse
    compiled_result = compile_func(self, token)
  File "C:\PycharmProjects\D11-module-v1\venv\lib\site-packages\django\template\defaulttags.py", line 810, in do_for
    nodelist_loop = parser.parse(('empty', 'endfor',))
  File "C:\PycharmProjects\D11-module-v1\venv\lib\site-packages\django\template\base.py", line 508, in parse
    raise self.error(token, e)
  File "C:\PycharmProjects\D11-module-v1\venv\lib\site-packages\django\template\base.py", line 506, in parse
    compiled_result = compile_func(self, token)
  File "C:\PycharmProjects\D11-module-v1\venv\lib\site-packages\django\template\defaulttags.py", line 904, in do_if
    condition = TemplateIfParser(parser, bits).parse()
  File "C:\PycharmProjects\D11-module-v1\venv\lib\site-packages\django\template\defaulttags.py", line 837, in __init__
    super().__init__(*args, **kwargs)
  File "C:\PycharmProjects\D11-module-v1\venv\lib\site-packages\django\template\smartif.py", line 166, in __init__
    mapped_tokens.append(self.translate_token(token))
  File "C:\PycharmProjects\D11-module-v1\venv\lib\site-packages\django\template\smartif.py", line 177, in translate_token
    return self.create_var(token)
  File "C:\PycharmProjects\D11-module-v1\venv\lib\site-packages\django\template\defaulttags.py", line 840, in create_var
    return TemplateLiteral(self.template_parser.compile_filter(value), value)
  File "C:\PycharmProjects\D11-module-v1\venv\lib\site-packages\django\template\base.py", line 593, in compile_filter
    return FilterExpression(token, self)
  File "C:\PycharmProjects\D11-module-v1\venv\lib\site-packages\django\template\base.py", line 692, in __init__
    raise TemplateSyntaxError("Could not parse the remainder: '%s' "
django.template.exceptions.TemplateSyntaxError: Could not parse the remainder: '==' from 'language.code=='
2022-02-25 21:04:19,302 ERROR "GET /news/153/ HTTP/1.1" 500 242515 C:\PycharmProjects\D11-module-v1\venv\lib\site-packages\django\core\servers\basehttp.py None
2022-02-25 21:04:22,299 ERROR Internal Server Error: /news/ C:\PycharmProjects\D11-module-v1\venv\lib\site-packages\django\utils\log.py (<class 'django.template.exceptions.TemplateSyntaxError'>, TemplateSyntaxError("Could not parse the remainder: '==' from 'language.code=='"), <traceback object at 0x0000022C901FA6C0>)
Traceback (most recent call last):
  File "C:\PycharmProjects\D11-module-v1\venv\lib\site-packages\django\template\smartif.py", line 175, in translate_token
    op = OPERATORS[token]
KeyError: 'language.code=='

During handling of the above exception, another exception occurred:

Traceback (most recent call last):
  File "C:\PycharmProjects\D11-module-v1\venv\lib\site-packages\django\core\handlers\exception.py", line 47, in inner
    response = get_response(request)
  File "C:\PycharmProjects\D11-module-v1\venv\lib\site-packages\django\core\handlers\base.py", line 204, in _get_response
    response = response.render()
  File "C:\PycharmProjects\D11-module-v1\venv\lib\site-packages\django\template\response.py", line 105, in render
    self.content = self.rendered_content
  File "C:\PycharmProjects\D11-module-v1\venv\lib\site-packages\django\template\response.py", line 83, in rendered_content
    return template.render(context, self._request)
  File "C:\PycharmProjects\D11-module-v1\venv\lib\site-packages\django\template\backends\django.py", line 61, in render
    return self.template.render(context)
  File "C:\PycharmProjects\D11-module-v1\venv\lib\site-packages\django\template\base.py", line 176, in render
    return self._render(context)
  File "C:\PycharmProjects\D11-module-v1\venv\lib\site-packages\django\template\base.py", line 168, in _render
    return self.nodelist.render(context)
  File "C:\PycharmProjects\D11-module-v1\venv\lib\site-packages\django\template\base.py", line 977, in render
    return SafeString(''.join([
  File "C:\PycharmProjects\D11-module-v1\venv\lib\site-packages\django\template\base.py", line 978, in <listcomp>
    node.render_annotated(context) for node in self
  File "C:\PycharmProjects\D11-module-v1\venv\lib\site-packages\django\template\base.py", line 938, in render_annotated
    return self.render(context)
  File "C:\PycharmProjects\D11-module-v1\venv\lib\site-packages\django\template\loader_tags.py", line 130, in render
    compiled_parent = self.get_parent(context)
  File "C:\PycharmProjects\D11-module-v1\venv\lib\site-packages\django\template\loader_tags.py", line 127, in get_parent
    return self.find_template(parent, context)
  File "C:\PycharmProjects\D11-module-v1\venv\lib\site-packages\django\template\loader_tags.py", line 106, in find_template
    template, origin = context.template.engine.find_template(
  File "C:\PycharmProjects\D11-module-v1\venv\lib\site-packages\django\template\engine.py", line 145, in find_template
    template = loader.get_template(name, skip=skip)
  File "C:\PycharmProjects\D11-module-v1\venv\lib\site-packages\django\template\loaders\base.py", line 29, in get_template
    return Template(
  File "C:\PycharmProjects\D11-module-v1\venv\lib\site-packages\django\template\base.py", line 155, in __init__
    self.nodelist = self.compile_nodelist()
  File "C:\PycharmProjects\D11-module-v1\venv\lib\site-packages\django\template\base.py", line 199, in compile_nodelist
    return parser.parse()
  File "C:\PycharmProjects\D11-module-v1\venv\lib\site-packages\django\template\base.py", line 508, in parse
    raise self.error(token, e)
  File "C:\PycharmProjects\D11-module-v1\venv\lib\site-packages\django\template\base.py", line 506, in parse
    compiled_result = compile_func(self, token)
  File "C:\PycharmProjects\D11-module-v1\venv\lib\site-packages\django\templatetags\cache.py", line 78, in do_cache
    nodelist = parser.parse(('endcache',))
  File "C:\PycharmProjects\D11-module-v1\venv\lib\site-packages\django\template\base.py", line 508, in parse
    raise self.error(token, e)
  File "C:\PycharmProjects\D11-module-v1\venv\lib\site-packages\django\template\base.py", line 506, in parse
    compiled_result = compile_func(self, token)
  File "C:\PycharmProjects\D11-module-v1\venv\lib\site-packages\django\template\defaulttags.py", line 810, in do_for
    nodelist_loop = parser.parse(('empty', 'endfor',))
  File "C:\PycharmProjects\D11-module-v1\venv\lib\site-packages\django\template\base.py", line 508, in parse
    raise self.error(token, e)
  File "C:\PycharmProjects\D11-module-v1\venv\lib\site-packages\django\template\base.py", line 506, in parse
    compiled_result = compile_func(self, token)
  File "C:\PycharmProjects\D11-module-v1\venv\lib\site-packages\django\template\defaulttags.py", line 904, in do_if
    condition = TemplateIfParser(parser, bits).parse()
  File "C:\PycharmProjects\D11-module-v1\venv\lib\site-packages\django\template\defaulttags.py", line 837, in __init__
    super().__init__(*args, **kwargs)
  File "C:\PycharmProjects\D11-module-v1\venv\lib\site-packages\django\template\smartif.py", line 166, in __init__
    mapped_tokens.append(self.translate_token(token))
  File "C:\PycharmProjects\D11-module-v1\venv\lib\site-packages\django\template\smartif.py", line 177, in translate_token
    return self.create_var(token)
  File "C:\PycharmProjects\D11-module-v1\venv\lib\site-packages\django\template\defaulttags.py", line 840, in create_var
    return TemplateLiteral(self.template_parser.compile_filter(value), value)
  File "C:\PycharmProjects\D11-module-v1\venv\lib\site-packages\django\template\base.py", line 593, in compile_filter
    return FilterExpression(token, self)
  File "C:\PycharmProjects\D11-module-v1\venv\lib\site-packages\django\template\base.py", line 692, in __init__
    raise TemplateSyntaxError("Could not parse the remainder: '%s' "
django.template.exceptions.TemplateSyntaxError: Could not parse the remainder: '==' from 'language.code=='
2022-02-25 21:04:22,306 ERROR "GET /news/ HTTP/1.1" 500 252637 C:\PycharmProjects\D11-module-v1\venv\lib\site-packages\django\core\servers\basehttp.py None
2022-02-25 21:04:59,629 ERROR Internal Server Error: /news/ C:\PycharmProjects\D11-module-v1\venv\lib\site-packages\django\utils\log.py (<class 'django.template.exceptions.TemplateSyntaxError'>, TemplateSyntaxError("Could not parse the remainder: '==' from 'language.code=='"), <traceback object at 0x0000022C9028A940>)
Traceback (most recent call last):
  File "C:\PycharmProjects\D11-module-v1\venv\lib\site-packages\django\template\smartif.py", line 175, in translate_token
    op = OPERATORS[token]
KeyError: 'language.code=='

During handling of the above exception, another exception occurred:

Traceback (most recent call last):
  File "C:\PycharmProjects\D11-module-v1\venv\lib\site-packages\django\core\handlers\exception.py", line 47, in inner
    response = get_response(request)
  File "C:\PycharmProjects\D11-module-v1\venv\lib\site-packages\django\core\handlers\base.py", line 204, in _get_response
    response = response.render()
  File "C:\PycharmProjects\D11-module-v1\venv\lib\site-packages\django\template\response.py", line 105, in render
    self.content = self.rendered_content
  File "C:\PycharmProjects\D11-module-v1\venv\lib\site-packages\django\template\response.py", line 83, in rendered_content
    return template.render(context, self._request)
  File "C:\PycharmProjects\D11-module-v1\venv\lib\site-packages\django\template\backends\django.py", line 61, in render
    return self.template.render(context)
  File "C:\PycharmProjects\D11-module-v1\venv\lib\site-packages\django\template\base.py", line 176, in render
    return self._render(context)
  File "C:\PycharmProjects\D11-module-v1\venv\lib\site-packages\django\template\base.py", line 168, in _render
    return self.nodelist.render(context)
  File "C:\PycharmProjects\D11-module-v1\venv\lib\site-packages\django\template\base.py", line 977, in render
    return SafeString(''.join([
  File "C:\PycharmProjects\D11-module-v1\venv\lib\site-packages\django\template\base.py", line 978, in <listcomp>
    node.render_annotated(context) for node in self
  File "C:\PycharmProjects\D11-module-v1\venv\lib\site-packages\django\template\base.py", line 938, in render_annotated
    return self.render(context)
  File "C:\PycharmProjects\D11-module-v1\venv\lib\site-packages\django\template\loader_tags.py", line 130, in render
    compiled_parent = self.get_parent(context)
  File "C:\PycharmProjects\D11-module-v1\venv\lib\site-packages\django\template\loader_tags.py", line 127, in get_parent
    return self.find_template(parent, context)
  File "C:\PycharmProjects\D11-module-v1\venv\lib\site-packages\django\template\loader_tags.py", line 106, in find_template
    template, origin = context.template.engine.find_template(
  File "C:\PycharmProjects\D11-module-v1\venv\lib\site-packages\django\template\engine.py", line 145, in find_template
    template = loader.get_template(name, skip=skip)
  File "C:\PycharmProjects\D11-module-v1\venv\lib\site-packages\django\template\loaders\base.py", line 29, in get_template
    return Template(
  File "C:\PycharmProjects\D11-module-v1\venv\lib\site-packages\django\template\base.py", line 155, in __init__
    self.nodelist = self.compile_nodelist()
  File "C:\PycharmProjects\D11-module-v1\venv\lib\site-packages\django\template\base.py", line 199, in compile_nodelist
    return parser.parse()
  File "C:\PycharmProjects\D11-module-v1\venv\lib\site-packages\django\template\base.py", line 508, in parse
    raise self.error(token, e)
  File "C:\PycharmProjects\D11-module-v1\venv\lib\site-packages\django\template\base.py", line 506, in parse
    compiled_result = compile_func(self, token)
  File "C:\PycharmProjects\D11-module-v1\venv\lib\site-packages\django\templatetags\cache.py", line 78, in do_cache
    nodelist = parser.parse(('endcache',))
  File "C:\PycharmProjects\D11-module-v1\venv\lib\site-packages\django\template\base.py", line 508, in parse
    raise self.error(token, e)
  File "C:\PycharmProjects\D11-module-v1\venv\lib\site-packages\django\template\base.py", line 506, in parse
    compiled_result = compile_func(self, token)
  File "C:\PycharmProjects\D11-module-v1\venv\lib\site-packages\django\template\defaulttags.py", line 810, in do_for
    nodelist_loop = parser.parse(('empty', 'endfor',))
  File "C:\PycharmProjects\D11-module-v1\venv\lib\site-packages\django\template\base.py", line 508, in parse
    raise self.error(token, e)
  File "C:\PycharmProjects\D11-module-v1\venv\lib\site-packages\django\template\base.py", line 506, in parse
    compiled_result = compile_func(self, token)
  File "C:\PycharmProjects\D11-module-v1\venv\lib\site-packages\django\template\defaulttags.py", line 904, in do_if
    condition = TemplateIfParser(parser, bits).parse()
  File "C:\PycharmProjects\D11-module-v1\venv\lib\site-packages\django\template\defaulttags.py", line 837, in __init__
    super().__init__(*args, **kwargs)
  File "C:\PycharmProjects\D11-module-v1\venv\lib\site-packages\django\template\smartif.py", line 166, in __init__
    mapped_tokens.append(self.translate_token(token))
  File "C:\PycharmProjects\D11-module-v1\venv\lib\site-packages\django\template\smartif.py", line 177, in translate_token
    return self.create_var(token)
  File "C:\PycharmProjects\D11-module-v1\venv\lib\site-packages\django\template\defaulttags.py", line 840, in create_var
    return TemplateLiteral(self.template_parser.compile_filter(value), value)
  File "C:\PycharmProjects\D11-module-v1\venv\lib\site-packages\django\template\base.py", line 593, in compile_filter
    return FilterExpression(token, self)
  File "C:\PycharmProjects\D11-module-v1\venv\lib\site-packages\django\template\base.py", line 692, in __init__
    raise TemplateSyntaxError("Could not parse the remainder: '%s' "
django.template.exceptions.TemplateSyntaxError: Could not parse the remainder: '==' from 'language.code=='
2022-02-25 21:04:59,635 ERROR "GET /news/ HTTP/1.1" 500 252486 C:\PycharmProjects\D11-module-v1\venv\lib\site-packages\django\core\servers\basehttp.py None
2022-02-25 21:16:52,400 ERROR Internal Server Error: /news/ C:\PycharmProjects\D11-module-v1\venv\lib\site-packages\django\utils\log.py (<class 'django.template.exceptions.TemplateSyntaxError'>, TemplateSyntaxError("Could not parse the remainder: '-=NewsPortal' from '-=NewsPortal'"), <traceback object at 0x0000022C90284980>)
Traceback (most recent call last):
  File "C:\PycharmProjects\D11-module-v1\venv\lib\site-packages\django\core\handlers\exception.py", line 47, in inner
    response = get_response(request)
  File "C:\PycharmProjects\D11-module-v1\venv\lib\site-packages\django\core\handlers\base.py", line 204, in _get_response
    response = response.render()
  File "C:\PycharmProjects\D11-module-v1\venv\lib\site-packages\django\template\response.py", line 105, in render
    self.content = self.rendered_content
  File "C:\PycharmProjects\D11-module-v1\venv\lib\site-packages\django\template\response.py", line 83, in rendered_content
    return template.render(context, self._request)
  File "C:\PycharmProjects\D11-module-v1\venv\lib\site-packages\django\template\backends\django.py", line 61, in render
    return self.template.render(context)
  File "C:\PycharmProjects\D11-module-v1\venv\lib\site-packages\django\template\base.py", line 176, in render
    return self._render(context)
  File "C:\PycharmProjects\D11-module-v1\venv\lib\site-packages\django\template\base.py", line 168, in _render
    return self.nodelist.render(context)
  File "C:\PycharmProjects\D11-module-v1\venv\lib\site-packages\django\template\base.py", line 977, in render
    return SafeString(''.join([
  File "C:\PycharmProjects\D11-module-v1\venv\lib\site-packages\django\template\base.py", line 978, in <listcomp>
    node.render_annotated(context) for node in self
  File "C:\PycharmProjects\D11-module-v1\venv\lib\site-packages\django\template\base.py", line 938, in render_annotated
    return self.render(context)
  File "C:\PycharmProjects\D11-module-v1\venv\lib\site-packages\django\template\loader_tags.py", line 130, in render
    compiled_parent = self.get_parent(context)
  File "C:\PycharmProjects\D11-module-v1\venv\lib\site-packages\django\template\loader_tags.py", line 127, in get_parent
    return self.find_template(parent, context)
  File "C:\PycharmProjects\D11-module-v1\venv\lib\site-packages\django\template\loader_tags.py", line 106, in find_template
    template, origin = context.template.engine.find_template(
  File "C:\PycharmProjects\D11-module-v1\venv\lib\site-packages\django\template\engine.py", line 145, in find_template
    template = loader.get_template(name, skip=skip)
  File "C:\PycharmProjects\D11-module-v1\venv\lib\site-packages\django\template\loaders\base.py", line 29, in get_template
    return Template(
  File "C:\PycharmProjects\D11-module-v1\venv\lib\site-packages\django\template\base.py", line 155, in __init__
    self.nodelist = self.compile_nodelist()
  File "C:\PycharmProjects\D11-module-v1\venv\lib\site-packages\django\template\base.py", line 199, in compile_nodelist
    return parser.parse()
  File "C:\PycharmProjects\D11-module-v1\venv\lib\site-packages\django\template\base.py", line 508, in parse
    raise self.error(token, e)
  File "C:\PycharmProjects\D11-module-v1\venv\lib\site-packages\django\template\base.py", line 506, in parse
    compiled_result = compile_func(self, token)
  File "C:\PycharmProjects\D11-module-v1\venv\lib\site-packages\django\templatetags\cache.py", line 78, in do_cache
    nodelist = parser.parse(('endcache',))
  File "C:\PycharmProjects\D11-module-v1\venv\lib\site-packages\django\template\base.py", line 508, in parse
    raise self.error(token, e)
  File "C:\PycharmProjects\D11-module-v1\venv\lib\site-packages\django\template\base.py", line 506, in parse
    compiled_result = compile_func(self, token)
  File "C:\PycharmProjects\D11-module-v1\venv\lib\site-packages\django\templatetags\i18n.py", line 379, in do_translate
    message_string = parser.compile_filter(bits[1])
  File "C:\PycharmProjects\D11-module-v1\venv\lib\site-packages\django\template\base.py", line 593, in compile_filter
    return FilterExpression(token, self)
  File "C:\PycharmProjects\D11-module-v1\venv\lib\site-packages\django\template\base.py", line 692, in __init__
    raise TemplateSyntaxError("Could not parse the remainder: '%s' "
django.template.exceptions.TemplateSyntaxError: Could not parse the remainder: '-=NewsPortal' from '-=NewsPortal'
2022-02-25 21:16:52,406 ERROR "GET /news/ HTTP/1.1" 500 220275 C:\PycharmProjects\D11-module-v1\venv\lib\site-packages\django\core\servers\basehttp.py None
